1524678587670	geckodriver	INFO	geckodriver 0.20.1
1524678587674	geckodriver	INFO	Listening on 127.0.0.1:33321
1524678588700	mozrunner::runner	INFO	Running command: "/usr/bin/firefox" "-marionette" "-profile" "/tmp/rust_mozprofile.8jGVfBq9PV7H"
1524678589418	Marionette	INFO	Enabled via --marionette
1524678590556	Marionette	INFO	Listening on port 36465
1524678590606	Marionette	WARN	TLS certificate errors will be ignored for this session
*** UTM:SVC TimerManager:registerTimer called after profile-before-change notification. Ignoring timer registration for id: telemetry_modules_ping
1524678718650	geckodriver	INFO	geckodriver 0.20.1
1524678718655	geckodriver	INFO	Listening on 127.0.0.1:52347
1524678719659	mozrunner::runner	INFO	Running command: "/usr/bin/firefox" "-marionette" "-profile" "/tmp/rust_mozprofile.gGoxsXyi8OFE"
1524678720162	Marionette	INFO	Enabled via --marionette
1524678721234	Marionette	INFO	Listening on port 38853
1524678721272	Marionette	WARN	TLS certificate errors will be ignored for this session
1524678812107	geckodriver	INFO	geckodriver 0.20.1
1524678812111	geckodriver	INFO	Listening on 127.0.0.1:57081
1524678813115	mozrunner::runner	INFO	Running command: "/usr/bin/firefox" "-marionette" "-profile" "/tmp/rust_mozprofile.ScvIGxdFTStF"
1524678813610	Marionette	INFO	Enabled via --marionette
1524678814664	Marionette	INFO	Listening on port 45567
1524678814722	Marionette	WARN	TLS certificate errors will be ignored for this session
1524679151704	geckodriver	INFO	geckodriver 0.20.1
1524679151708	geckodriver	INFO	Listening on 127.0.0.1:53079
1524679152708	mozrunner::runner	INFO	Running command: "/usr/bin/firefox" "-marionette" "-profile" "/tmp/rust_mozprofile.s0tJQJnnJ713"
1524679153216	Marionette	INFO	Enabled via --marionette
1524679154274	Marionette	INFO	Listening on port 42991
1524679154316	Marionette	WARN	TLS certificate errors will be ignored for this session
1524679252776	geckodriver	INFO	geckodriver 0.20.1
1524679252779	geckodriver	INFO	Listening on 127.0.0.1:42499
1524679253785	mozrunner::runner	INFO	Running command: "/usr/bin/firefox" "-marionette" "-profile" "/tmp/rust_mozprofile.sv0wUxtt1EEp"
1524679254290	Marionette	INFO	Enabled via --marionette
1524679255322	Marionette	INFO	Listening on port 45243
1524679255394	Marionette	WARN	TLS certificate errors will be ignored for this session
1524721514215	geckodriver	INFO	geckodriver 0.20.1
1524721514274	geckodriver	INFO	Listening on 127.0.0.1:44741
1524721515181	mozrunner::runner	INFO	Running command: "/usr/bin/firefox" "-marionette" "-profile" "/tmp/rust_mozprofile.8RJxnCBr00RS"
1524721515998	Marionette	INFO	Enabled via --marionette
1524721517148	Marionette	INFO	Listening on port 33449
1524721517192	Marionette	WARN	TLS certificate errors will be ignored for this session
1524721547269	geckodriver	INFO	geckodriver 0.20.1
1524721547273	geckodriver	INFO	Listening on 127.0.0.1:52869
1524721548273	mozrunner::runner	INFO	Running command: "/usr/bin/firefox" "-marionette" "-profile" "/tmp/rust_mozprofile.PsYwtKd7feUS"
1524721548872	Marionette	INFO	Enabled via --marionette
1524721550174	Marionette	INFO	Listening on port 37875
1524721550188	Marionette	WARN	TLS certificate errors will be ignored for this session

(firefox:3836): Gtk-CRITICAL **: gtk_window_resize: assertion 'height > 0' failed
IPDL protocol error: Handler returned error code!

###!!! [Parent][DispatchAsyncMessage] Error: PLayerTransaction::Msg_ReleaseLayer Processing error: message was deserialized, but the handler returned false (indicating failure)

IPDL protocol error: Handler returned error code!

###!!! [Parent][DispatchAsyncMessage] Error: PLayerTransaction::Msg_ReleaseLayer Processing error: message was deserialized, but the handler returned false (indicating failure)

IPDL protocol error: Handler returned error code!

###!!! [Parent][DispatchAsyncMessage] Error: PLayerTransaction::Msg_ReleaseLayer Processing error: message was deserialized, but the handler returned false (indicating failure)

IPDL protocol error: Handler returned error code!

###!!! [Parent][DispatchAsyncMessage] Error: PLayerTransaction::Msg_ReleaseLayer Processing error: message was deserialized, but the handler returned false (indicating failure)

IPDL protocol error: Handler returned error code!

###!!! [Parent][DispatchAsyncMessage] Error: PLayerTransaction::Msg_ReleaseLayer Processing error: message was deserialized, but the handler returned false (indicating failure)

IPDL protocol error: Handler returned error code!

###!!! [Parent][DispatchAsyncMessage] Error: PLayerTransaction::Msg_ReleaseLayer Processing error: message was deserialized, but the handler returned false (indicating failure)

IPDL protocol error: Handler returned error code!

###!!! [Parent][DispatchAsyncMessage] Error: PLayerTransaction::Msg_ReleaseLayer Processing error: message was deserialized, but the handler returned false (indicating failure)

IPDL protocol error: Handler returned error code!

###!!! [Parent][DispatchAsyncMessage] Error: PLayerTransaction::Msg_ReleaseLayer Processing error: message was deserialized, but the handler returned false (indicating failure)

IPDL protocol error: Handler returned error code!

###!!! [Parent][DispatchAsyncMessage] Error: PLayerTransaction::Msg_ReleaseLayer Processing error: message was deserialized, but the handler returned false (indicating failure)

IPDL protocol error: Handler returned error code!

###!!! [Parent][DispatchAsyncMessage] Error: PLayerTransaction::Msg_ReleaseLayer Processing error: message was deserialized, but the handler returned false (indicating failure)

IPDL protocol error: Handler returned error code!

###!!! [Parent][DispatchAsyncMessage] Error: PLayerTransaction::Msg_ReleaseLayer Processing error: message was deserialized, but the handler returned false (indicating failure)

IPDL protocol error: Handler returned error code!

###!!! [Parent][DispatchAsyncMessage] Error: PLayerTransaction::Msg_ReleaseLayer Processing error: message was deserialized, but the handler returned false (indicating failure)

IPDL protocol error: Handler returned error code!

###!!! [Parent][DispatchAsyncMessage] Error: PLayerTransaction::Msg_ReleaseLayer Processing error: message was deserialized, but the handler returned false (indicating failure)

IPDL protocol error: Handler returned error code!

###!!! [Parent][DispatchAsyncMessage] Error: PLayerTransaction::Msg_ReleaseLayer Processing error: message was deserialized, but the handler returned false (indicating failure)

IPDL protocol error: Handler returned error code!

###!!! [Parent][DispatchAsyncMessage] Error: PLayerTransaction::Msg_ReleaseLayer Processing error: message was deserialized, but the handler returned false (indicating failure)

IPDL protocol error: Handler returned error code!

###!!! [Parent][DispatchAsyncMessage] Error: PLayerTransaction::Msg_ReleaseLayer Processing error: message was deserialized, but the handler returned false (indicating failure)

IPDL protocol error: Handler returned error code!

###!!! [Parent][DispatchAsyncMessage] Error: PLayerTransaction::Msg_ReleaseLayer Processing error: message was deserialized, but the handler returned false (indicating failure)

1524722300484	geckodriver	INFO	geckodriver 0.20.1
1524722300488	geckodriver	INFO	Listening on 127.0.0.1:58749
1524722301495	mozrunner::runner	INFO	Running command: "/usr/bin/firefox" "-marionette" "-profile" "/tmp/rust_mozprofile.V0adQCOFcqCt"
1524722301974	Marionette	INFO	Enabled via --marionette
1524722302958	Marionette	INFO	Listening on port 40335
1524722303002	Marionette	WARN	TLS certificate errors will be ignored for this session
1524722324762	geckodriver	INFO	geckodriver 0.20.1
1524722324766	geckodriver	INFO	Listening on 127.0.0.1:59551
1524722325770	mozrunner::runner	INFO	Running command: "/usr/bin/firefox" "-marionette" "-profile" "/tmp/rust_mozprofile.6NaWnxvCP8uj"
1524722326274	Marionette	INFO	Enabled via --marionette
1524722327312	Marionette	INFO	Listening on port 43923
1524722327376	Marionette	WARN	TLS certificate errors will be ignored for this session
1524722360308	geckodriver	INFO	geckodriver 0.20.1
1524722360311	geckodriver	INFO	Listening on 127.0.0.1:43963
1524722361313	mozrunner::runner	INFO	Running command: "/usr/bin/firefox" "-marionette" "-profile" "/tmp/rust_mozprofile.ItHkTVBpdyKl"
1524722361794	Marionette	INFO	Enabled via --marionette
1524722362822	Marionette	INFO	Listening on port 41299
1524722362918	Marionette	WARN	TLS certificate errors will be ignored for this session
1524722596640	geckodriver	INFO	geckodriver 0.20.1
1524722596644	geckodriver	INFO	Listening on 127.0.0.1:56035
1524722597647	mozrunner::runner	INFO	Running command: "/usr/bin/firefox" "-marionette" "-profile" "/tmp/rust_mozprofile.IPzVTO6m4DZJ"
1524722598158	Marionette	INFO	Enabled via --marionette
1524722599162	Marionette	INFO	Listening on port 34537
1524722599258	Marionette	WARN	TLS certificate errors will be ignored for this session
1524722699492	geckodriver	INFO	geckodriver 0.20.1
1524722699497	geckodriver	INFO	Listening on 127.0.0.1:45695
1524722700499	mozrunner::runner	INFO	Running command: "/usr/bin/firefox" "-marionette" "-profile" "/tmp/rust_mozprofile.e2RMkqVogPyf"
1524722700978	Marionette	INFO	Enabled via --marionette
1524722701978	Marionette	INFO	Listening on port 37163
1524722702012	Marionette	WARN	TLS certificate errors will be ignored for this session
[Parent 5174, Gecko_IOThread] WARNING: pipe error: Broken pipe: file /build/firefox-BgGWsI/firefox-59.0.2+build1/ipc/chromium/src/chrome/common/ipc_channel_posix.cc, line 709
1524723377651	geckodriver	INFO	geckodriver 0.20.1
1524723377654	geckodriver	INFO	Listening on 127.0.0.1:48953
1524723378658	mozrunner::runner	INFO	Running command: "/usr/bin/firefox" "-marionette" "-profile" "/tmp/rust_mozprofile.8siWXf8K7re4"
1524723379208	Marionette	INFO	Enabled via --marionette
1524723380220	Marionette	INFO	Listening on port 43931
1524723380268	Marionette	WARN	TLS certificate errors will be ignored for this session
1524723579449	geckodriver	INFO	geckodriver 0.20.1
1524723579453	geckodriver	INFO	Listening on 127.0.0.1:35115
1524723580456	mozrunner::runner	INFO	Running command: "/usr/bin/firefox" "-marionette" "-profile" "/tmp/rust_mozprofile.K92ppIIKBkEJ"
1524723580972	Marionette	INFO	Enabled via --marionette
1524723582006	Marionette	INFO	Listening on port 45963
1524723582064	Marionette	WARN	TLS certificate errors will be ignored for this session
1524723786470	geckodriver	INFO	geckodriver 0.20.1
1524723786474	geckodriver	INFO	Listening on 127.0.0.1:40647
1524723787480	mozrunner::runner	INFO	Running command: "/usr/bin/firefox" "-marionette" "-profile" "/tmp/rust_mozprofile.pfqpoXr05cn4"
1524723787982	Marionette	INFO	Enabled via --marionette
1524723788984	Marionette	INFO	Listening on port 33811
1524723789092	Marionette	WARN	TLS certificate errors will be ignored for this session
1524724181352	geckodriver	INFO	geckodriver 0.20.1
1524724181357	geckodriver	INFO	Listening on 127.0.0.1:48541
1524724182359	mozrunner::runner	INFO	Running command: "/usr/bin/firefox" "-marionette" "-profile" "/tmp/rust_mozprofile.pwanyeboPY35"
1524724182838	Marionette	INFO	Enabled via --marionette
1524724183864	Marionette	INFO	Listening on port 39195
1524724183976	Marionette	WARN	TLS certificate errors will be ignored for this session
1524724413510	geckodriver	INFO	geckodriver 0.20.1
1524724413514	geckodriver	INFO	Listening on 127.0.0.1:56961
1524724414517	mozrunner::runner	INFO	Running command: "/usr/bin/firefox" "-marionette" "-profile" "/tmp/rust_mozprofile.ESNzQBLQ4BRy"
1524724415024	Marionette	INFO	Enabled via --marionette
1524724416078	Marionette	INFO	Listening on port 33181
1524724416124	Marionette	WARN	TLS certificate errors will be ignored for this session
1524724478462	geckodriver	INFO	geckodriver 0.20.1
1524724478466	geckodriver	INFO	Listening on 127.0.0.1:33153
1524724479468	mozrunner::runner	INFO	Running command: "/usr/bin/firefox" "-marionette" "-profile" "/tmp/rust_mozprofile.W15rLsMCJhFh"
1524724479986	Marionette	INFO	Enabled via --marionette
1524724481002	Marionette	INFO	Listening on port 38241
1524724481074	Marionette	WARN	TLS certificate errors will be ignored for this session
1524725238182	geckodriver	INFO	geckodriver 0.20.1
1524725238186	geckodriver	INFO	Listening on 127.0.0.1:34875
1524725239191	mozrunner::runner	INFO	Running command: "/usr/bin/firefox" "-marionette" "-profile" "/tmp/rust_mozprofile.GoeNiUmCy01v"
1524725239678	Marionette	INFO	Enabled via --marionette
1524725240646	Marionette	INFO	Listening on port 42085
1524725240698	Marionette	WARN	TLS certificate errors will be ignored for this session
1524725358973	geckodriver	INFO	geckodriver 0.20.1
1524725358976	geckodriver	INFO	Listening on 127.0.0.1:39707
1524725359979	mozrunner::runner	INFO	Running command: "/usr/bin/firefox" "-marionette" "-profile" "/tmp/rust_mozprofile.uue986CZk8Cb"
1524725360456	Marionette	INFO	Enabled via --marionette
1524725361472	Marionette	INFO	Listening on port 46569
1524725361488	Marionette	WARN	TLS certificate errors will be ignored for this session
1524725407751	geckodriver	INFO	geckodriver 0.20.1
1524725407755	geckodriver	INFO	Listening on 127.0.0.1:54793
1524725408759	mozrunner::runner	INFO	Running command: "/usr/bin/firefox" "-marionette" "-profile" "/tmp/rust_mozprofile.L984Xsz67SlI"
1524725409238	Marionette	INFO	Enabled via --marionette
1524725410212	Marionette	INFO	Listening on port 46081
1524725410266	Marionette	WARN	TLS certificate errors will be ignored for this session
1524725559900	geckodriver	INFO	geckodriver 0.20.1
1524725559904	geckodriver	INFO	Listening on 127.0.0.1:48865
1524725560909	mozrunner::runner	INFO	Running command: "/usr/bin/firefox" "-marionette" "-profile" "/tmp/rust_mozprofile.w5H9jS9GM3h6"
1524725561394	Marionette	INFO	Enabled via --marionette
1524725562476	Marionette	INFO	Listening on port 34423
1524725562522	Marionette	WARN	TLS certificate errors will be ignored for this session
*** UTM:SVC TimerManager:registerTimer called after profile-before-change notification. Ignoring timer registration for id: telemetry_modules_ping
1524725595594	geckodriver	INFO	geckodriver 0.20.1
1524725595598	geckodriver	INFO	Listening on 127.0.0.1:34523
1524725596599	mozrunner::runner	INFO	Running command: "/usr/bin/firefox" "-marionette" "-profile" "/tmp/rust_mozprofile.lgCAws6zPOfU"
1524725597090	Marionette	INFO	Enabled via --marionette
1524725598126	Marionette	INFO	Listening on port 45485
1524725598204	Marionette	WARN	TLS certificate errors will be ignored for this session
1524725732322	geckodriver	INFO	geckodriver 0.20.1
1524725732326	geckodriver	INFO	Listening on 127.0.0.1:33549
1524725733330	mozrunner::runner	INFO	Running command: "/usr/bin/firefox" "-marionette" "-profile" "/tmp/rust_mozprofile.ym4CqjvrqBGV"
1524725733830	Marionette	INFO	Enabled via --marionette
1524725734882	Marionette	INFO	Listening on port 46115
1524725734946	Marionette	WARN	TLS certificate errors will be ignored for this session
JavaScript error: resource://devtools/shared/base-loader.js -> resource://devtools/server/actors/tab.js, line 1420: TypeError: this._tabPool is null
JavaScript error: resource://devtools/shared/base-loader.js -> resource://devtools/server/actors/tab.js, line 1420: TypeError: this._tabPool is null
JavaScript error: resource://devtools/shared/base-loader.js -> resource://devtools/server/actors/tab.js, line 1420: TypeError: this._tabPool is null
JavaScript error: resource://devtools/shared/base-loader.js -> resource://devtools/server/actors/tab.js, line 1420: TypeError: this._tabPool is null
JavaScript error: resource://devtools/shared/base-loader.js -> resource://devtools/server/actors/tab.js, line 1420: TypeError: this._tabPool is null
JavaScript error: resource://devtools/shared/base-loader.js -> resource://devtools/server/actors/tab.js, line 1420: TypeError: this._tabPool is null
JavaScript error: resource://devtools/shared/base-loader.js -> resource://devtools/server/actors/tab.js, line 1420: TypeError: this._tabPool is null
JavaScript error: resource://devtools/shared/base-loader.js -> resource://devtools/server/actors/tab.js, line 1420: TypeError: this._tabPool is null
JavaScript error: resource://devtools/shared/base-loader.js -> resource://devtools/shared/webconsole/network-monitor.js, line 604: NS_ERROR_NOT_AVAILABLE: Component returned failure code: 0x80040111 (NS_ERROR_NOT_AVAILABLE) [nsIHttpChannel.contentCharset]
JavaScript error: resource://devtools/shared/base-loader.js -> resource://devtools/server/actors/tab.js, line 1420: TypeError: this._tabPool is null
JavaScript error: resource://devtools/shared/base-loader.js -> resource://devtools/server/actors/tab.js, line 1420: TypeError: this._tabPool is null
JavaScript error: resource://devtools/shared/base-loader.js -> resource://devtools/server/actors/tab.js, line 1420: TypeError: this._tabPool is null
JavaScript error: resource://devtools/shared/base-loader.js -> resource://devtools/server/actors/tab.js, line 1420: TypeError: this._tabPool is null
JavaScript error: resource://devtools/shared/base-loader.js -> resource://devtools/server/actors/tab.js, line 1420: TypeError: this._tabPool is null
JavaScript error: resource://devtools/shared/base-loader.js -> resource://devtools/server/actors/tab.js, line 1420: TypeError: this._tabPool is null
JavaScript error: resource://devtools/shared/base-loader.js -> resource://devtools/server/actors/tab.js, line 1420: TypeError: this._tabPool is null
JavaScript error: resource://devtools/shared/base-loader.js -> resource://devtools/server/actors/tab.js, line 1420: TypeError: this._tabPool is null
console.error: 
  Message: TypeError: can't access dead object
  Stack:
    getUsedFontFaces@resource://devtools/shared/base-loader.js -> resource://devtools/server/actors/styles.js:269:9
handler@resource://devtools/shared/base-loader.js -> resource://devtools/shared/protocol.js:1106:19
onPacket@resource://devtools/shared/base-loader.js -> resource://devtools/server/main.js:1788:15
receiveMessage@resource://devtools/shared/base-loader.js -> resource://devtools/shared/transport/transport.js:761:7

getUsedFontFaces@resource://devtools/shared/base-loader.js -> resource://devtools/server/actors/styles.js:269:9
handler@resource://devtools/shared/base-loader.js -> resource://devtools/shared/protocol.js:1106:19
onPacket@resource://devtools/shared/base-loader.js -> resource://devtools/server/main.js:1788:15
receiveMessage@resource://devtools/shared/base-loader.js -> resource://devtools/shared/transport/transport.js:761:7
console.error: 
  Could not get the list of font families
  Protocol error (unknownError): can't access dead object
JavaScript error: resource://devtools/shared/base-loader.js -> resource://devtools/server/actors/tab.js, line 1420: TypeError: this._tabPool is null
JavaScript error: resource://devtools/shared/base-loader.js -> resource://devtools/server/actors/tab.js, line 1420: TypeError: this._tabPool is null
JavaScript error: resource://devtools/shared/base-loader.js -> resource://devtools/server/actors/tab.js, line 1420: TypeError: this._tabPool is null
JavaScript error: resource://devtools/shared/base-loader.js -> resource://devtools/server/actors/tab.js, line 1420: TypeError: this._tabPool is null
JavaScript error: resource://devtools/shared/base-loader.js -> resource://devtools/server/actors/tab.js, line 1420: TypeError: this._tabPool is null
JavaScript error: resource://devtools/shared/base-loader.js -> resource://devtools/server/actors/tab.js, line 1420: TypeError: this._tabPool is null
JavaScript error: resource://devtools/shared/base-loader.js -> resource://devtools/server/actors/tab.js, line 1420: TypeError: this._tabPool is null
JavaScript error: resource://devtools/shared/base-loader.js -> resource://devtools/server/actors/tab.js, line 1420: TypeError: this._tabPool is null
JavaScript error: resource://devtools/shared/base-loader.js -> resource://devtools/server/actors/tab.js, line 1420: TypeError: this._tabPool is null
JavaScript error: resource://devtools/shared/base-loader.js -> resource://devtools/server/actors/tab.js, line 1420: TypeError: this._tabPool is null
JavaScript error: resource://devtools/shared/base-loader.js -> resource://devtools/server/actors/tab.js, line 1420: TypeError: this._tabPool is null
JavaScript error: resource://devtools/shared/base-loader.js -> resource://devtools/server/actors/tab.js, line 1420: TypeError: this._tabPool is null
JavaScript error: resource://devtools/shared/base-loader.js -> resource://devtools/server/actors/tab.js, line 1420: TypeError: this._tabPool is null
JavaScript error: resource://devtools/shared/base-loader.js -> resource://devtools/server/actors/tab.js, line 1420: TypeError: this._tabPool is null
JavaScript error: resource://devtools/shared/base-loader.js -> resource://devtools/server/actors/tab.js, line 1420: TypeError: this._tabPool is null
JavaScript error: resource://devtools/shared/base-loader.js -> resource://devtools/server/actors/tab.js, line 1420: TypeError: this._tabPool is null
JavaScript error: resource://devtools/shared/base-loader.js -> resource://devtools/server/actors/tab.js, line 1420: TypeError: this._tabPool is null
*************************
A coding exception was thrown and uncaught in a Task.

Full message: TypeError: can't access dead object
Full stack: getBindingElementAndPseudo@resource://devtools/shared/base-loader.js -> resource://devtools/shared/inspector/css-logic.js:494:1
_getAllElementRules@resource://devtools/shared/base-loader.js -> resource://devtools/server/actors/styles.js:503:9
PageStyleActor<.getApplied<@resource://devtools/shared/base-loader.js -> resource://devtools/server/actors/styles.js:455:30
_run@resource://devtools/shared/base-loader.js -> resource://devtools/shared/task.js:310:39
TaskImpl@resource://devtools/shared/base-loader.js -> resource://devtools/shared/task.js:272:3
asyncFunction@resource://devtools/shared/base-loader.js -> resource://devtools/shared/task.js:246:14
handler@resource://devtools/shared/base-loader.js -> resource://devtools/shared/protocol.js:1106:19
onPacket@resource://devtools/shared/base-loader.js -> resource://devtools/server/main.js:1788:15
receiveMessage@resource://devtools/shared/base-loader.js -> resource://devtools/shared/transport/transport.js:761:7

*************************
console.error: 
  Message: TypeError: can't access dead object
  Stack:
    getBindingElementAndPseudo@resource://devtools/shared/base-loader.js -> resource://devtools/shared/inspector/css-logic.js:494:1
_getAllElementRules@resource://devtools/shared/base-loader.js -> resource://devtools/server/actors/styles.js:503:9
PageStyleActor<.getApplied<@resource://devtools/shared/base-loader.js -> resource://devtools/server/actors/styles.js:455:30
_run@resource://devtools/shared/base-loader.js -> resource://devtools/shared/task.js:310:39
TaskImpl@resource://devtools/shared/base-loader.js -> resource://devtools/shared/task.js:272:3
asyncFunction@resource://devtools/shared/base-loader.js -> resource://devtools/shared/task.js:246:14
handler@resource://devtools/shared/base-loader.js -> resource://devtools/shared/protocol.js:1106:19
onPacket@resource://devtools/shared/base-loader.js -> resource://devtools/server/main.js:1788:15
receiveMessage@resource://devtools/shared/base-loader.js -> resource://devtools/shared/transport/transport.js:761:7

getBindingElementAndPseudo@resource://devtools/shared/base-loader.js -> resource://devtools/shared/inspector/css-logic.js:494:1
_getAllElementRules@resource://devtools/shared/base-loader.js -> resource://devtools/server/actors/styles.js:503:9
PageStyleActor<.getApplied<@resource://devtools/shared/base-loader.js -> resource://devtools/server/actors/styles.js:455:30
_run@resource://devtools/shared/base-loader.js -> resource://devtools/shared/task.js:310:39
TaskImpl@resource://devtools/shared/base-loader.js -> resource://devtools/shared/task.js:272:3
asyncFunction@resource://devtools/shared/base-loader.js -> resource://devtools/shared/task.js:246:14
handler@resource://devtools/shared/base-loader.js -> resource://devtools/shared/protocol.js:1106:19
onPacket@resource://devtools/shared/base-loader.js -> resource://devtools/server/main.js:1788:15
receiveMessage@resource://devtools/shared/base-loader.js -> resource://devtools/shared/transport/transport.js:761:7
JavaScript error: resource://devtools/shared/base-loader.js -> resource://devtools/server/actors/tab.js, line 1420: TypeError: this._tabPool is null
JavaScript warning: https://www.googletagmanager.com/gtag/js?id=UA-5831781-4, line 69: unreachable code after return statement
JavaScript warning: https://www.googletagmanager.com/gtag/js?id=UA-5831781-4, line 69: unreachable code after return statement
ATTENTION: default value of option force_s3tc_enable overridden by environment.
1524741324521	geckodriver	INFO	geckodriver 0.20.1
1524741324525	geckodriver	INFO	Listening on 127.0.0.1:58305
1524741325527	mozrunner::runner	INFO	Running command: "/usr/bin/firefox" "-marionette" "-profile" "/tmp/rust_mozprofile.pVHQlu9GF6hU"
1524741326026	Marionette	INFO	Enabled via --marionette
1524741327042	Marionette	INFO	Listening on port 33111
1524741327146	Marionette	WARN	TLS certificate errors will be ignored for this session
ATTENTION: default value of option force_s3tc_enable overridden by environment.
ATTENTION: default value of option force_s3tc_enable overridden by environment.
JavaScript warning: https://ajax.googleapis.com/ajax/libs/jquery/2.0.0/jquery.min.js, line 1: Using //@ to indicate sourceMappingURL pragmas is deprecated. Use //# instead
JavaScript error: https://www.elitmus.com/, line 55: ReferenceError: introJs is not defined
JavaScript warning: https://ajax.googleapis.com/ajax/libs/jquery/2.0.0/jquery.min.js, line 1: Using //@ to indicate sourceMappingURL pragmas is deprecated. Use //# instead
JavaScript warning: https://ajax.googleapis.com/ajax/libs/jquery/2.0.0/jquery.min.js, line 1: Using //@ to indicate sourceMappingURL pragmas is deprecated. Use //# instead
JavaScript error: https://www.elitmus.com/, line 55: ReferenceError: introJs is not defined
JavaScript warning: https://ajax.googleapis.com/ajax/libs/jquery/2.0.0/jquery.min.js, line 1: Using //@ to indicate sourceMappingURL pragmas is deprecated. Use //# instead
JavaScript error: resource://gre/modules/SelectContentHelper.jsm, line 89: TypeError: this.element is null
JavaScript error: resource://gre/modules/SelectContentHelper.jsm, line 89: TypeError: this.element is null
1524799941931	geckodriver	INFO	geckodriver 0.20.1
1524799941990	geckodriver	INFO	Listening on 127.0.0.1:59345
1524799942907	mozrunner::runner	INFO	Running command: "/usr/bin/firefox" "-marionette" "-profile" "/tmp/rust_mozprofile.3SNYvwEXVUXI"
1524799956378	Marionette	INFO	Enabled via --marionette
1524799964764	Marionette	INFO	Listening on port 40795
1524799964860	Marionette	WARN	TLS certificate errors will be ignored for this session
1524803567900	geckodriver	INFO	geckodriver 0.20.1
1524803567959	geckodriver	INFO	Listening on 127.0.0.1:35729
1524803568867	mozrunner::runner	INFO	Running command: "/usr/bin/firefox" "-marionette" "-profile" "/tmp/rust_mozprofile.Irs4Ljq6smRa"
1524803569570	Marionette	INFO	Enabled via --marionette
1524803570870	Marionette	INFO	Listening on port 35273
1524803570990	Marionette	WARN	TLS certificate errors will be ignored for this session
*** UTM:SVC TimerManager:registerTimer called after profile-before-change notification. Ignoring timer registration for id: telemetry_modules_ping
1524811821219	geckodriver	INFO	geckodriver 0.20.1
1524811821223	geckodriver	INFO	Listening on 127.0.0.1:50207
1524811822227	mozrunner::runner	INFO	Running command: "/usr/bin/firefox" "-marionette" "-profile" "/tmp/rust_mozprofile.DEBq5taXl8R1"
1524811822764	Marionette	INFO	Enabled via --marionette
1524811823782	Marionette	INFO	Listening on port 40145
1524811823838	Marionette	WARN	TLS certificate errors will be ignored for this session
1524812193213	geckodriver	INFO	geckodriver 0.20.1
1524812193217	geckodriver	INFO	Listening on 127.0.0.1:57273
1524812194220	mozrunner::runner	INFO	Running command: "/usr/bin/firefox" "-marionette" "-headless" "-profile" "/tmp/rust_mozprofile.AZcJxTpAEamp"
*** You are running in headless mode.
1524812194746	Marionette	INFO	Enabled via --marionette
1524812195702	Marionette	INFO	Listening on port 34261
1524812195726	Marionette	WARN	TLS certificate errors will be ignored for this session
1524812268078	geckodriver	INFO	geckodriver 0.20.1
1524812268082	geckodriver	INFO	Listening on 127.0.0.1:42209
1524812269083	mozrunner::runner	INFO	Running command: "/usr/bin/firefox" "-marionette" "-headless" "-profile" "/tmp/rust_mozprofile.vaGQkfTiFell"
*** You are running in headless mode.
1524812269572	Marionette	INFO	Enabled via --marionette
1524812270572	Marionette	INFO	Listening on port 32849
1524812270598	Marionette	WARN	TLS certificate errors will be ignored for this session
1524812771391	geckodriver	INFO	geckodriver 0.20.1
1524812771395	geckodriver	INFO	Listening on 127.0.0.1:43473
1524812772395	mozrunner::runner	INFO	Running command: "/usr/bin/firefox" "-marionette" "-headless" "-profile" "/tmp/rust_mozprofile.2BY0lRhDd5DE"
*** You are running in headless mode.
1524812772890	Marionette	INFO	Enabled via --marionette
1524812773924	Marionette	INFO	Listening on port 39125
1524812774002	Marionette	WARN	TLS certificate errors will be ignored for this session
1524812817532	geckodriver	INFO	geckodriver 0.20.1
1524812817536	geckodriver	INFO	Listening on 127.0.0.1:54809
1524812818537	mozrunner::runner	INFO	Running command: "/usr/bin/firefox" "-marionette" "-headless" "-profile" "/tmp/rust_mozprofile.jqMSNsWaHoGT"
*** You are running in headless mode.
1524812819080	Marionette	INFO	Enabled via --marionette
1524812820150	Marionette	INFO	Listening on port 40829
1524812820248	Marionette	WARN	TLS certificate errors will be ignored for this session
1524812904952	geckodriver	INFO	geckodriver 0.20.1
1524812904956	geckodriver	INFO	Listening on 127.0.0.1:55289
1524812905957	mozrunner::runner	INFO	Running command: "/usr/bin/firefox" "-marionette" "-headless" "-profile" "/tmp/rust_mozprofile.lOjyRnUEhcAl"
*** You are running in headless mode.
1524812906512	Marionette	INFO	Enabled via --marionette
1524812907648	Marionette	INFO	Listening on port 39229
1524812907672	Marionette	WARN	TLS certificate errors will be ignored for this session
1524812956722	geckodriver	INFO	geckodriver 0.20.1
1524812956727	geckodriver	INFO	Listening on 127.0.0.1:57087
1524812957728	mozrunner::runner	INFO	Running command: "/usr/bin/firefox" "-marionette" "-headless" "-profile" "/tmp/rust_mozprofile.GXF2D4YNxmsF"
*** You are running in headless mode.
1524812958298	Marionette	INFO	Enabled via --marionette
1524812959488	Marionette	INFO	Listening on port 37329
1524812959542	Marionette	WARN	TLS certificate errors will be ignored for this session
1524813013772	geckodriver	INFO	geckodriver 0.20.1
1524813013776	geckodriver	INFO	Listening on 127.0.0.1:47623
1524813014777	mozrunner::runner	INFO	Running command: "/usr/bin/firefox" "-marionette" "-headless" "-profile" "/tmp/rust_mozprofile.G0Zv6txhmd5N"
*** You are running in headless mode.
1524813015360	Marionette	INFO	Enabled via --marionette
1524813016552	Marionette	INFO	Listening on port 39589
1524813016596	Marionette	WARN	TLS certificate errors will be ignored for this session
1524814837377	geckodriver	INFO	geckodriver 0.20.1
1524814837383	geckodriver	INFO	Listening on 127.0.0.1:58277
1524814838383	mozrunner::runner	INFO	Running command: "/usr/bin/firefox" "-marionette" "-headless" "-profile" "/tmp/rust_mozprofile.7vapYLBhPnUp"
*** You are running in headless mode.
1524814839030	Marionette	INFO	Enabled via --marionette
1524814840310	Marionette	INFO	Listening on port 46623
1524814840392	Marionette	WARN	TLS certificate errors will be ignored for this session
1524815201461	geckodriver	INFO	geckodriver 0.20.1
1524815201470	geckodriver	INFO	Listening on 127.0.0.1:57455
1524815202467	mozrunner::runner	INFO	Running command: "/usr/bin/firefox" "-marionette" "-headless" "-profile" "/tmp/rust_mozprofile.hy3Ah1QaGxw5"
*** You are running in headless mode.
1524815203934	Marionette	INFO	Enabled via --marionette
1524815205752	Marionette	INFO	Listening on port 34443
1524815205788	Marionette	WARN	TLS certificate errors will be ignored for this session
1524815373813	geckodriver	INFO	geckodriver 0.20.1
1524815373831	geckodriver	INFO	Listening on 127.0.0.1:36071
1524815374818	mozrunner::runner	INFO	Running command: "/usr/bin/firefox" "-marionette" "-headless" "-profile" "/tmp/rust_mozprofile.ei3voaWR7vpO"
*** You are running in headless mode.
1524815375582	Marionette	INFO	Enabled via --marionette
1524815377180	Marionette	INFO	Listening on port 39053
1524815377248	Marionette	WARN	TLS certificate errors will be ignored for this session
1524815513712	geckodriver	INFO	geckodriver 0.20.1
1524815513722	geckodriver	INFO	Listening on 127.0.0.1:50701
1524815514722	mozrunner::runner	INFO	Running command: "/usr/bin/firefox" "-marionette" "-headless" "-profile" "/tmp/rust_mozprofile.bhsJOMXbc9ih"
*** You are running in headless mode.
1524815516002	Marionette	INFO	Enabled via --marionette
1524815519158	Marionette	INFO	Listening on port 40503
1524815519276	Marionette	WARN	TLS certificate errors will be ignored for this session
1524815559832	geckodriver	INFO	geckodriver 0.20.1
1524815559838	geckodriver	INFO	Listening on 127.0.0.1:33299
1524815560839	mozrunner::runner	INFO	Running command: "/usr/bin/firefox" "-marionette" "-headless" "-profile" "/tmp/rust_mozprofile.XPcwN5RgQV11"
*** You are running in headless mode.
1524815561954	Marionette	INFO	Enabled via --marionette
1524815564182	Marionette	INFO	Listening on port 34725
1524815564276	Marionette	WARN	TLS certificate errors will be ignored for this session
1524816085233	geckodriver	INFO	geckodriver 0.20.1
1524816085295	geckodriver	INFO	Listening on 127.0.0.1:50635
1524816086196	mozrunner::runner	INFO	Running command: "/usr/bin/firefox" "-marionette" "-headless" "-profile" "/tmp/rust_mozprofile.EmVPNZ0Mgwh2"
*** You are running in headless mode.
1524816093016	Marionette	INFO	Enabled via --marionette
1524816097734	Marionette	INFO	Listening on port 42827
1524816097770	Marionette	WARN	TLS certificate errors will be ignored for this session
1524816168515	geckodriver	INFO	geckodriver 0.20.1
1524816168522	geckodriver	INFO	Listening on 127.0.0.1:51413
1524816169535	mozrunner::runner	INFO	Running command: "/usr/bin/firefox" "-marionette" "-headless" "-profile" "/tmp/rust_mozprofile.Q01SKbeXcGSo"
*** You are running in headless mode.
1524816171062	Marionette	INFO	Enabled via --marionette
1524816173940	Marionette	INFO	Listening on port 38729
1524816173986	Marionette	WARN	TLS certificate errors will be ignored for this session
1524816218940	geckodriver	INFO	geckodriver 0.20.1
1524816219000	geckodriver	INFO	Listening on 127.0.0.1:59545
1524816219814	mozrunner::runner	INFO	Running command: "/usr/bin/firefox" "-marionette" "-headless" "-profile" "/tmp/rust_mozprofile.UiXkgNWlxTsE"
*** You are running in headless mode.
1524816231256	Marionette	INFO	Enabled via --marionette
1524816238472	Marionette	INFO	Listening on port 40577
1524816238592	Marionette	WARN	TLS certificate errors will be ignored for this session
1524837493385	geckodriver	INFO	geckodriver 0.20.1
1524837493433	geckodriver	INFO	Listening on 127.0.0.1:57301
1524837494351	mozrunner::runner	INFO	Running command: "/usr/bin/firefox" "-marionette" "-headless" "-profile" "/tmp/rust_mozprofile.PEy7oTelQJos"
*** You are running in headless mode.
1524837495114	Marionette	INFO	Enabled via --marionette
1524837496340	Marionette	INFO	Listening on port 46865
1524837496360	Marionette	WARN	TLS certificate errors will be ignored for this session
1524837546982	geckodriver	INFO	geckodriver 0.20.1
1524837546986	geckodriver	INFO	Listening on 127.0.0.1:52737
1524837547989	mozrunner::runner	INFO	Running command: "/usr/bin/firefox" "-marionette" "-headless" "-profile" "/tmp/rust_mozprofile.UIxJzrf8LrCH"
*** You are running in headless mode.
1524837548460	Marionette	INFO	Enabled via --marionette
1524837549366	Marionette	INFO	Listening on port 34489
1524837549404	Marionette	WARN	TLS certificate errors will be ignored for this session
1524837605953	geckodriver	INFO	geckodriver 0.20.1
1524837605957	geckodriver	INFO	Listening on 127.0.0.1:39303
1524837606958	mozrunner::runner	INFO	Running command: "/usr/bin/firefox" "-marionette" "-headless" "-profile" "/tmp/rust_mozprofile.UF4LSWysmhXb"
*** You are running in headless mode.
1524837607436	Marionette	INFO	Enabled via --marionette
1524837608444	Marionette	INFO	Listening on port 46443
1524837608476	Marionette	WARN	TLS certificate errors will be ignored for this session
1524838193265	geckodriver	INFO	geckodriver 0.20.1
1524838193268	geckodriver	INFO	Listening on 127.0.0.1:37027
1524838194271	mozrunner::runner	INFO	Running command: "/usr/bin/firefox" "-marionette" "-headless" "-profile" "/tmp/rust_mozprofile.E9lcLVy09Va1"
*** You are running in headless mode.
1524838194814	Marionette	INFO	Enabled via --marionette
1524838195848	Marionette	INFO	Listening on port 40173
1524838195894	Marionette	WARN	TLS certificate errors will be ignored for this session
1524838238192	geckodriver	INFO	geckodriver 0.20.1
1524838238196	geckodriver	INFO	Listening on 127.0.0.1:38971
1524838239197	mozrunner::runner	INFO	Running command: "/usr/bin/firefox" "-marionette" "-headless" "-profile" "/tmp/rust_mozprofile.17IsvDi9Ce22"
*** You are running in headless mode.
1524838239720	Marionette	INFO	Enabled via --marionette
1524838240788	Marionette	INFO	Listening on port 38743
1524838240812	Marionette	WARN	TLS certificate errors will be ignored for this session
1524838282943	geckodriver	INFO	geckodriver 0.20.1
1524838282948	geckodriver	INFO	Listening on 127.0.0.1:55955
1524838283948	mozrunner::runner	INFO	Running command: "/usr/bin/firefox" "-marionette" "-headless" "-profile" "/tmp/rust_mozprofile.koFIcJ3gpKYz"
*** You are running in headless mode.
1524838284510	Marionette	INFO	Enabled via --marionette
1524838285592	Marionette	INFO	Listening on port 38327
1524838285654	Marionette	WARN	TLS certificate errors will be ignored for this session
1524838623678	geckodriver	INFO	geckodriver 0.20.1
1524838623684	geckodriver	INFO	Listening on 127.0.0.1:35179
1524838624683	mozrunner::runner	INFO	Running command: "/usr/bin/firefox" "-marionette" "-headless" "-profile" "/tmp/rust_mozprofile.rQ0lCFJdz5ac"
*** You are running in headless mode.
1524838625318	Marionette	INFO	Enabled via --marionette
1524838626492	Marionette	INFO	Listening on port 32905
1524838626614	Marionette	WARN	TLS certificate errors will be ignored for this session
1524838688069	geckodriver	INFO	geckodriver 0.20.1
1524838688073	geckodriver	INFO	Listening on 127.0.0.1:49257
1524838689073	mozrunner::runner	INFO	Running command: "/usr/bin/firefox" "-marionette" "-headless" "-profile" "/tmp/rust_mozprofile.YB67Lztuams2"
*** You are running in headless mode.
1524838689710	Marionette	INFO	Enabled via --marionette
1524838690942	Marionette	INFO	Listening on port 34743
1524838690986	Marionette	WARN	TLS certificate errors will be ignored for this session
1524838926706	geckodriver	INFO	geckodriver 0.20.1
1524838926711	geckodriver	INFO	Listening on 127.0.0.1:42939
1524838927712	mozrunner::runner	INFO	Running command: "/usr/bin/firefox" "-marionette" "-headless" "-profile" "/tmp/rust_mozprofile.Q3O37UDsXspQ"
*** You are running in headless mode.
1524838928442	Marionette	INFO	Enabled via --marionette
1524838929884	Marionette	INFO	Listening on port 42353
1524838929924	Marionette	WARN	TLS certificate errors will be ignored for this session
1524839201296	geckodriver	INFO	geckodriver 0.20.1
1524839201304	geckodriver	INFO	Listening on 127.0.0.1:38397
1524839202301	mozrunner::runner	INFO	Running command: "/usr/bin/firefox" "-marionette" "-headless" "-profile" "/tmp/rust_mozprofile.4xdeav5LLrtr"
*** You are running in headless mode.
1524839202948	Marionette	INFO	Enabled via --marionette
1524839204386	Marionette	INFO	Listening on port 34161
1524839204440	Marionette	WARN	TLS certificate errors will be ignored for this session
1524839346517	geckodriver	INFO	geckodriver 0.20.1
1524839346525	geckodriver	INFO	Listening on 127.0.0.1:47911
1524839347527	mozrunner::runner	INFO	Running command: "/usr/bin/firefox" "-marionette" "-headless" "-profile" "/tmp/rust_mozprofile.0VUycFGVgULd"
*** You are running in headless mode.
1524839348562	Marionette	INFO	Enabled via --marionette
1524839350620	Marionette	INFO	Listening on port 41989
1524839350652	Marionette	WARN	TLS certificate errors will be ignored for this session
1524839576476	geckodriver	INFO	geckodriver 0.20.1
1524839576486	geckodriver	INFO	Listening on 127.0.0.1:43527
1524839577484	mozrunner::runner	INFO	Running command: "/usr/bin/firefox" "-marionette" "-headless" "-profile" "/tmp/rust_mozprofile.Sjs8O1ClRIHM"
*** You are running in headless mode.
1524839578434	Marionette	INFO	Enabled via --marionette
1524839580734	Marionette	INFO	Listening on port 46871
1524839580814	Marionette	WARN	TLS certificate errors will be ignored for this session
1524839755410	geckodriver	INFO	geckodriver 0.20.1
1524839755421	geckodriver	INFO	Listening on 127.0.0.1:50965
1524839756414	mozrunner::runner	INFO	Running command: "/usr/bin/firefox" "-marionette" "-headless" "-profile" "/tmp/rust_mozprofile.bdgodsFWcVyH"
*** You are running in headless mode.
1524839757462	Marionette	INFO	Enabled via --marionette
1524839759384	Marionette	INFO	Listening on port 33417
1524839759458	Marionette	WARN	TLS certificate errors will be ignored for this session
1524839809732	geckodriver	INFO	geckodriver 0.20.1
1524839809741	geckodriver	INFO	Listening on 127.0.0.1:36247
1524839810739	mozrunner::runner	INFO	Running command: "/usr/bin/firefox" "-marionette" "-headless" "-profile" "/tmp/rust_mozprofile.PHUZT4Mp3hCC"
*** You are running in headless mode.
1524839812416	Marionette	INFO	Enabled via --marionette
1524839815706	Marionette	INFO	Listening on port 39743
1524839815780	Marionette	WARN	TLS certificate errors will be ignored for this session
1524840050692	geckodriver	INFO	geckodriver 0.20.1
1524840050709	geckodriver	INFO	Listening on 127.0.0.1:55281
1524840051709	mozrunner::runner	INFO	Running command: "/usr/bin/firefox" "-marionette" "-headless" "-profile" "/tmp/rust_mozprofile.9btFTnIHTcHZ"
*** You are running in headless mode.
1524840052988	Marionette	INFO	Enabled via --marionette
1524840055330	Marionette	INFO	Listening on port 34241
1524840055434	Marionette	WARN	TLS certificate errors will be ignored for this session
1524840242524	geckodriver	INFO	geckodriver 0.20.1
1524840242534	geckodriver	INFO	Listening on 127.0.0.1:42245
1524840243532	mozrunner::runner	INFO	Running command: "/usr/bin/firefox" "-marionette" "-headless" "-profile" "/tmp/rust_mozprofile.d0mJC0I0Qapg"
*** You are running in headless mode.
1524840246110	Marionette	INFO	Enabled via --marionette
1524840253756	Marionette	INFO	Listening on port 46533
1524840254232	Marionette	WARN	TLS certificate errors will be ignored for this session
1524840521320	geckodriver	INFO	geckodriver 0.20.1
1524840521341	geckodriver	INFO	Listening on 127.0.0.1:48215
1524840522343	mozrunner::runner	INFO	Running command: "/usr/bin/firefox" "-marionette" "-headless" "-profile" "/tmp/rust_mozprofile.nRr2J7vl2epd"
*** You are running in headless mode.
1524840527026	Marionette	INFO	Enabled via --marionette
1524840532020	Marionette	INFO	Listening on port 37789
1524840532156	Marionette	WARN	TLS certificate errors will be ignored for this session
1524840644049	geckodriver	INFO	geckodriver 0.20.1
1524840644087	geckodriver	INFO	Listening on 127.0.0.1:41395
1524840645023	mozrunner::runner	INFO	Running command: "/usr/bin/firefox" "-marionette" "-headless" "-profile" "/tmp/rust_mozprofile.jMhpIp8Ar7Wn"
*** You are running in headless mode.
1524840652640	Marionette	INFO	Enabled via --marionette
1524840657618	Marionette	INFO	Listening on port 46637
1524840657752	Marionette	WARN	TLS certificate errors will be ignored for this session
1524840864263	geckodriver	INFO	geckodriver 0.20.1
1524840864292	geckodriver	INFO	Listening on 127.0.0.1:59027
1524840865317	mozrunner::runner	INFO	Running command: "/usr/bin/firefox" "-marionette" "-headless" "-profile" "/tmp/rust_mozprofile.dFpcovHQ2KSt"
*** You are running in headless mode.
1524840869500	Marionette	INFO	Enabled via --marionette
1524840874764	Marionette	INFO	Listening on port 45975
1524840874894	Marionette	WARN	TLS certificate errors will be ignored for this session
1524840941980	geckodriver	INFO	geckodriver 0.20.1
1524840942051	geckodriver	INFO	Listening on 127.0.0.1:54281
1524840942985	mozrunner::runner	INFO	Running command: "/usr/bin/firefox" "-marionette" "-headless" "-profile" "/tmp/rust_mozprofile.fgNPqYSKkSU6"
*** You are running in headless mode.
1524840956206	Marionette	INFO	Enabled via --marionette
1524840967858	Marionette	INFO	Listening on port 35749
1524840968114	Marionette	WARN	TLS certificate errors will be ignored for this session
1524841429002	geckodriver	INFO	geckodriver 0.20.1
1524841429072	geckodriver	INFO	Listening on 127.0.0.1:41359
1524841430039	mozrunner::runner	INFO	Running command: "/usr/bin/firefox" "-marionette" "-headless" "-profile" "/tmp/rust_mozprofile.WPk7qTXjIQnq"
*** You are running in headless mode.
1524841439700	Marionette	INFO	Enabled via --marionette
1524841445902	Marionette	INFO	Listening on port 42637
1524841445958	Marionette	WARN	TLS certificate errors will be ignored for this session
1524842252615	geckodriver	INFO	geckodriver 0.20.1
1524842252691	geckodriver	INFO	Listening on 127.0.0.1:50901
1524842253716	mozrunner::runner	INFO	Running command: "/usr/bin/firefox" "-marionette" "-headless" "-profile" "/tmp/rust_mozprofile.OX1ucgJMfkbZ"
*** You are running in headless mode.
1524842264068	Marionette	INFO	Enabled via --marionette
1524842272958	Marionette	INFO	Listening on port 42291
1524842273070	Marionette	WARN	TLS certificate errors will be ignored for this session
1524842474390	geckodriver	INFO	geckodriver 0.20.1
1524842474439	geckodriver	INFO	Listening on 127.0.0.1:44691
1524842475423	mozrunner::runner	INFO	Running command: "/usr/bin/firefox" "-marionette" "-headless" "-profile" "/tmp/rust_mozprofile.iZXQcyEa2L1m"
*** You are running in headless mode.
1524842479186	Marionette	INFO	Enabled via --marionette
1524842483014	Marionette	INFO	Listening on port 43575
1524842483210	Marionette	WARN	TLS certificate errors will be ignored for this session
1524844751301	geckodriver	INFO	geckodriver 0.20.1
1524844751355	geckodriver	INFO	Listening on 127.0.0.1:36579
1524844752334	mozrunner::runner	INFO	Running command: "/usr/bin/firefox" "-marionette" "-headless" "-profile" "/tmp/rust_mozprofile.A0h6hvnt5JgW"
*** You are running in headless mode.
1524844760306	Marionette	INFO	Enabled via --marionette
1524844767820	Marionette	INFO	Listening on port 40205
1524844767854	Marionette	WARN	TLS certificate errors will be ignored for this session
1524844781319	geckodriver	INFO	geckodriver 0.20.1
1524844781373	geckodriver	INFO	Listening on 127.0.0.1:40599
1524844782379	mozrunner::runner	INFO	Running command: "/usr/bin/firefox" "-marionette" "-headless" "-profile" "/tmp/rust_mozprofile.wpD9j8TfEWJQ"
*** You are running in headless mode.
1524844790354	Marionette	INFO	Enabled via --marionette
1524844796658	Marionette	INFO	Listening on port 33689
1524844799528	Marionette	WARN	TLS certificate errors will be ignored for this session
1524844812549	geckodriver	INFO	geckodriver 0.20.1
1524844812681	geckodriver	INFO	Listening on 127.0.0.1:49491
1524844813532	mozrunner::runner	INFO	Running command: "/usr/bin/firefox" "-marionette" "-headless" "-profile" "/tmp/rust_mozprofile.CUXIFaencekI"
*** You are running in headless mode.
1524844843290	Marionette	INFO	Enabled via --marionette
1524844858952	Marionette	INFO	Listening on port 44357
1524844861440	Marionette	WARN	TLS certificate errors will be ignored for this session
1524844901833	geckodriver	INFO	geckodriver 0.20.1
1524844901860	geckodriver	INFO	Listening on 127.0.0.1:36645
1524844902793	mozrunner::runner	INFO	Running command: "/usr/bin/firefox" "-marionette" "-headless" "-profile" "/tmp/rust_mozprofile.k8G1sfspsiWL"
*** You are running in headless mode.
1524844907092	Marionette	INFO	Enabled via --marionette
1524844914710	Marionette	INFO	Listening on port 43611
1524844914880	Marionette	WARN	TLS certificate errors will be ignored for this session
1524844926114	geckodriver	INFO	geckodriver 0.20.1
1524844926162	geckodriver	INFO	Listening on 127.0.0.1:53371
1524844927109	mozrunner::runner	INFO	Running command: "/usr/bin/firefox" "-marionette" "-headless" "-profile" "/tmp/rust_mozprofile.rlE1fssg8jcB"
*** You are running in headless mode.
[Child 9439, Chrome_ChildThread] WARNING: pipe error (13): Connection reset by peer: file /build/firefox-BgGWsI/firefox-59.0.2+build1/ipc/chromium/src/chrome/common/ipc_channel_posix.cc, line 353
1524845175930	geckodriver	INFO	geckodriver 0.20.1
1524845175961	geckodriver	INFO	Listening on 127.0.0.1:48723
1524845176944	mozrunner::runner	INFO	Running command: "/usr/bin/firefox" "-marionette" "-profile" "/tmp/rust_mozprofile.Jj8bSeLv9lmA"
1524845184804	Marionette	INFO	Enabled via --marionette
1524845194264	Marionette	INFO	Listening on port 37697
1524845195942	Marionette	WARN	TLS certificate errors will be ignored for this session
1524845245581	geckodriver	INFO	geckodriver 0.20.1
1524845245626	geckodriver	INFO	Listening on 127.0.0.1:44427
1524845246589	mozrunner::runner	INFO	Running command: "/usr/bin/firefox" "-marionette" "-profile" "/tmp/rust_mozprofile.zQwSYGcGFnYP"
1524845249956	Marionette	INFO	Enabled via --marionette
1524845255258	Marionette	INFO	Listening on port 43577
1524845255388	Marionette	WARN	TLS certificate errors will be ignored for this session
IPDL protocol error: Handler returned error code!

###!!! [Parent][DispatchAsyncMessage] Error: PLayerTransaction::Msg_ReleaseLayer Processing error: message was deserialized, but the handler returned false (indicating failure)

IPDL protocol error: Handler returned error code!

###!!! [Parent][DispatchAsyncMessage] Error: PLayerTransaction::Msg_ReleaseLayer Processing error: message was deserialized, but the handler returned false (indicating failure)

IPDL protocol error: Handler returned error code!

###!!! [Parent][DispatchAsyncMessage] Error: PLayerTransaction::Msg_ReleaseLayer Processing error: message was deserialized, but the handler returned false (indicating failure)

IPDL protocol error: Handler returned error code!

###!!! [Parent][DispatchAsyncMessage] Error: PLayerTransaction::Msg_ReleaseLayer Processing error: message was deserialized, but the handler returned false (indicating failure)

IPDL protocol error: Handler returned error code!

###!!! [Parent][DispatchAsyncMessage] Error: PLayerTransaction::Msg_ReleaseLayer Processing error: message was deserialized, but the handler returned false (indicating failure)

IPDL protocol error: Handler returned error code!

###!!! [Parent][DispatchAsyncMessage] Error: PLayerTransaction::Msg_ReleaseLayer Processing error: message was deserialized, but the handler returned false (indicating failure)

IPDL protocol error: Handler returned error code!

###!!! [Parent][DispatchAsyncMessage] Error: PLayerTransaction::Msg_ReleaseLayer Processing error: message was deserialized, but the handler returned false (indicating failure)

IPDL protocol error: Handler returned error code!

###!!! [Parent][DispatchAsyncMessage] Error: PLayerTransaction::Msg_ReleaseLayer Processing error: message was deserialized, but the handler returned false (indicating failure)

IPDL protocol error: Handler returned error code!

###!!! [Parent][DispatchAsyncMessage] Error: PLayerTransaction::Msg_ReleaseLayer Processing error: message was deserialized, but the handler returned false (indicating failure)

IPDL protocol error: Handler returned error code!

###!!! [Parent][DispatchAsyncMessage] Error: PLayerTransaction::Msg_ReleaseLayer Processing error: message was deserialized, but the handler returned false (indicating failure)

IPDL protocol error: Handler returned error code!

###!!! [Parent][DispatchAsyncMessage] Error: PLayerTransaction::Msg_ReleaseLayer Processing error: message was deserialized, but the handler returned false (indicating failure)

IPDL protocol error: Handler returned error code!

###!!! [Parent][DispatchAsyncMessage] Error: PLayerTransaction::Msg_ReleaseLayer Processing error: message was deserialized, but the handler returned false (indicating failure)

IPDL protocol error: Handler returned error code!

###!!! [Parent][DispatchAsyncMessage] Error: PLayerTransaction::Msg_ReleaseLayer Processing error: message was deserialized, but the handler returned false (indicating failure)

IPDL protocol error: Handler returned error code!

###!!! [Parent][DispatchAsyncMessage] Error: PLayerTransaction::Msg_ReleaseLayer Processing error: message was deserialized, but the handler returned false (indicating failure)

IPDL protocol error: Handler returned error code!

###!!! [Parent][DispatchAsyncMessage] Error: PLayerTransaction::Msg_ReleaseLayer Processing error: message was deserialized, but the handler returned false (indicating failure)

1524884040975	geckodriver	INFO	geckodriver 0.20.1
1524884041033	geckodriver	INFO	Listening on 127.0.0.1:57995
1524884041940	mozrunner::runner	INFO	Running command: "/usr/bin/firefox" "-marionette" "-profile" "/tmp/rust_mozprofile.0kSvDboxp5ub"
1524884042790	Marionette	INFO	Enabled via --marionette
1524884044014	Marionette	INFO	Listening on port 37153
1524884044048	Marionette	WARN	TLS certificate errors will be ignored for this session
1524884185784	geckodriver	INFO	geckodriver 0.20.1
1524884185788	geckodriver	INFO	Listening on 127.0.0.1:57979
1524884186791	mozrunner::runner	INFO	Running command: "/usr/bin/firefox" "-marionette" "-profile" "/tmp/rust_mozprofile.eAuyircCJtYz"
1524884187302	Marionette	INFO	Enabled via --marionette
1524884188322	Marionette	INFO	Listening on port 43809
1524884188396	Marionette	WARN	TLS certificate errors will be ignored for this session
*** UTM:SVC TimerManager:registerTimer called after profile-before-change notification. Ignoring timer registration for id: telemetry_modules_ping
1524884304490	geckodriver	INFO	geckodriver 0.20.1
1524884304494	geckodriver	INFO	Listening on 127.0.0.1:59725
1524884305499	mozrunner::runner	INFO	Running command: "/usr/bin/firefox" "-marionette" "-profile" "/tmp/rust_mozprofile.92oD4fnbsHcy"
1524884306044	Marionette	INFO	Enabled via --marionette
1524884307028	Marionette	INFO	Listening on port 38715
1524884307104	Marionette	WARN	TLS certificate errors will be ignored for this session
*** UTM:SVC TimerManager:registerTimer called after profile-before-change notification. Ignoring timer registration for id: telemetry_modules_ping
1524884418355	geckodriver	INFO	geckodriver 0.20.1
1524884418358	geckodriver	INFO	Listening on 127.0.0.1:36929
1524884419361	mozrunner::runner	INFO	Running command: "/usr/bin/firefox" "-marionette" "-profile" "/tmp/rust_mozprofile.4xvdYtgh1vvo"
1524884419836	Marionette	INFO	Enabled via --marionette
1524884420832	Marionette	INFO	Listening on port 32781
1524884420876	Marionette	WARN	TLS certificate errors will be ignored for this session
*** UTM:SVC TimerManager:registerTimer called after profile-before-change notification. Ignoring timer registration for id: telemetry_modules_ping
1524884515826	geckodriver	INFO	geckodriver 0.20.1
1524884515829	geckodriver	INFO	Listening on 127.0.0.1:43623
1524884516830	mozrunner::runner	INFO	Running command: "/usr/bin/firefox" "-marionette" "-profile" "/tmp/rust_mozprofile.YzKwrzSh1beB"
1524884517304	Marionette	INFO	Enabled via --marionette
1524884518346	Marionette	INFO	Listening on port 46137
1524884518440	Marionette	WARN	TLS certificate errors will be ignored for this session
*** UTM:SVC TimerManager:registerTimer called after profile-before-change notification. Ignoring timer registration for id: telemetry_modules_ping
1524884633278	geckodriver	INFO	geckodriver 0.20.1
1524884633282	geckodriver	INFO	Listening on 127.0.0.1:49169
1524884634284	mozrunner::runner	INFO	Running command: "/usr/bin/firefox" "-marionette" "-profile" "/tmp/rust_mozprofile.et14RCF8NLY4"
1524884634754	Marionette	INFO	Enabled via --marionette
1524884635772	Marionette	INFO	Listening on port 45341
1524884635792	Marionette	WARN	TLS certificate errors will be ignored for this session
1524884957715	geckodriver	INFO	geckodriver 0.20.1
1524884957719	geckodriver	INFO	Listening on 127.0.0.1:35559
1524884958724	mozrunner::runner	INFO	Running command: "/usr/bin/firefox" "-marionette" "-profile" "/tmp/rust_mozprofile.nnfvWrU0TfTH"
1524884959216	Marionette	INFO	Enabled via --marionette
1524884960254	Marionette	INFO	Listening on port 40017
1524884960334	Marionette	WARN	TLS certificate errors will be ignored for this session
*** UTM:SVC TimerManager:registerTimer called after profile-before-change notification. Ignoring timer registration for id: telemetry_modules_ping
1524885124472	geckodriver	INFO	geckodriver 0.20.1
1524885124476	geckodriver	INFO	Listening on 127.0.0.1:53351
1524885125484	mozrunner::runner	INFO	Running command: "/usr/bin/firefox" "-marionette" "-profile" "/tmp/rust_mozprofile.hKjKHDCpgoQp"
1524885126006	Marionette	INFO	Enabled via --marionette
1524885127028	Marionette	INFO	Listening on port 42581
1524885127100	Marionette	WARN	TLS certificate errors will be ignored for this session
*** UTM:SVC TimerManager:registerTimer called after profile-before-change notification. Ignoring timer registration for id: telemetry_modules_ping
1524885352407	geckodriver	INFO	geckodriver 0.20.1
1524885352411	geckodriver	INFO	Listening on 127.0.0.1:45975
1524885353414	mozrunner::runner	INFO	Running command: "/usr/bin/firefox" "-marionette" "-profile" "/tmp/rust_mozprofile.dXqlEE3tHl4t"
1524885353912	Marionette	INFO	Enabled via --marionette
1524885354942	Marionette	INFO	Listening on port 42329
1524885355022	Marionette	WARN	TLS certificate errors will be ignored for this session
1524885574730	geckodriver	INFO	geckodriver 0.20.1
1524885574734	geckodriver	INFO	Listening on 127.0.0.1:43735
1524885575736	mozrunner::runner	INFO	Running command: "/usr/bin/firefox" "-marionette" "-profile" "/tmp/rust_mozprofile.AacjfKQW59v5"
1524885576208	Marionette	INFO	Enabled via --marionette
1524885577182	Marionette	INFO	Listening on port 42583
1524885577242	Marionette	WARN	TLS certificate errors will be ignored for this session
*** UTM:SVC TimerManager:registerTimer called after profile-before-change notification. Ignoring timer registration for id: telemetry_modules_ping
1524900942751	geckodriver	INFO	geckodriver 0.20.1
1524900942754	geckodriver	INFO	Listening on 127.0.0.1:51167
1524900943755	mozrunner::runner	INFO	Running command: "/usr/bin/firefox" "-marionette" "-profile" "/tmp/rust_mozprofile.Zi9HJllAl6ku"
1524900944304	Marionette	INFO	Enabled via --marionette
1524900945404	Marionette	INFO	Listening on port 39689
1524900945462	Marionette	WARN	TLS certificate errors will be ignored for this session
1524901048390	geckodriver	INFO	geckodriver 0.20.1
1524901048394	geckodriver	INFO	Listening on 127.0.0.1:37161
1524901049398	mozrunner::runner	INFO	Running command: "/usr/bin/firefox" "-marionette" "-profile" "/tmp/rust_mozprofile.7MfdJPx7skMu"
1524901049922	Marionette	INFO	Enabled via --marionette
1524901050992	Marionette	INFO	Listening on port 40479
1524901051026	Marionette	WARN	TLS certificate errors will be ignored for this session
1524901375748	geckodriver	INFO	geckodriver 0.20.1
1524901375752	geckodriver	INFO	Listening on 127.0.0.1:36265
1524901376756	mozrunner::runner	INFO	Running command: "/usr/bin/firefox" "-marionette" "-profile" "/tmp/rust_mozprofile.CsblTuE0MeGh"
1524901377278	Marionette	INFO	Enabled via --marionette
1524901378302	Marionette	INFO	Listening on port 42901
1524901378364	Marionette	WARN	TLS certificate errors will be ignored for this session
1524901624231	geckodriver	INFO	geckodriver 0.20.1
1524901624236	geckodriver	INFO	Listening on 127.0.0.1:38657
1524901625237	mozrunner::runner	INFO	Running command: "/usr/bin/firefox" "-marionette" "-profile" "/tmp/rust_mozprofile.Tjx9q5RxNodI"
1524901625764	Marionette	INFO	Enabled via --marionette
1524901626800	Marionette	INFO	Listening on port 36761
1524901626854	Marionette	WARN	TLS certificate errors will be ignored for this session
*** UTM:SVC TimerManager:registerTimer called after profile-before-change notification. Ignoring timer registration for id: telemetry_modules_ping
1524903314857	geckodriver	INFO	geckodriver 0.20.1
1524903314861	geckodriver	INFO	Listening on 127.0.0.1:51879
1524903315868	mozrunner::runner	INFO	Running command: "/usr/bin/firefox" "-marionette" "-headless" "-profile" "/tmp/rust_mozprofile.K3bDkQxItajk"
*** You are running in headless mode.
1524903316360	Marionette	INFO	Enabled via --marionette
1524903317324	Marionette	INFO	Listening on port 40707
1524903317376	Marionette	WARN	TLS certificate errors will be ignored for this session
1524903806904	geckodriver	INFO	geckodriver 0.20.1
1524903806908	geckodriver	INFO	Listening on 127.0.0.1:37473
1524903807909	mozrunner::runner	INFO	Running command: "/usr/bin/firefox" "-marionette" "-headless" "-profile" "/tmp/rust_mozprofile.WWGbYzvaHdhC"
*** You are running in headless mode.
1524903808436	Marionette	INFO	Enabled via --marionette
1524903809446	Marionette	INFO	Listening on port 35069
1524903809520	Marionette	WARN	TLS certificate errors will be ignored for this session
